Сборка начата 06.05.2023 14:05:06.
Уровень детализации журнала: Normal.     1>Проект "C:\ПОИТ\ОАП (2 сем)\Лаб 12\lab12\lab12\lab12.vcxproj" в узле 2 (целевые объекты Build).
     1>InitializeBuildStatus:
         Создание "Debug\lab12.tlog\unsuccessfulbuild", так как было задано "AlwaysCreate".
       ClCompile:
         C:\Program Files (x86)\Microsoft Visual Studio\2019\Community\VC\Tools\MSVC\14.29.30133\bin\HostX86\x86\CL.exe /c /ZI /JMC /nologo /W3 /WX- /diagnostics:column /sdl /Od /Oy- /D WIN32 /D _DEBUG /D _CONSOLE /D _UNICODE /D UNICODE /Gm- /EHsc /RTC1 /MDd /GS /fp:precise /permissive- /Zc:wchar_t /Zc:forScope /Zc:inline /Fo"Debug\\" /Fd"Debug\vc142.pdb" /external:W3 /Gd /TP /analyze- /FC /errorReport:prompt Tree.cpp
         Tree.cpp
     1>C:\ПОИТ\ОАП (2 сем)\Лаб 12\lab12\lab12\Tree.cpp(227): warning C4715: Tree::check_right: значение возвращается не при всех путях выполнения
       Link:
         C:\Program Files (x86)\Microsoft Visual Studio\2019\Community\VC\Tools\MSVC\14.29.30133\bin\HostX86\x86\link.exe /ERRORREPORT:PROMPT /OUT:"C:\ПОИТ\ОАП (2 сем)\Лаб 12\lab12\Debug\lab12.exe" /INCREMENTAL /ILK:"Debug\lab12.ilk" /NOLOGO kernel32.lib user32.lib gdi32.lib winspool.lib comdlg32.lib advapi32.lib shell32.lib ole32.lib oleaut32.lib uuid.lib odbc32.lib odbccp32.lib /MANIFEST /MANIFESTUAC:"level='asInvoker' uiAccess='false'" /manifest:embed /DEBUG /PDB:"C:\ПОИТ\ОАП (2 сем)\Лаб 12\lab12\Debug\lab12.pdb" /SUBSYSTEM:CONSOLE /TLBID:1 /DYNAMICBASE /NXCOMPAT /IMPLIB:"C:\ПОИТ\ОАП (2 сем)\Лаб 12\lab12\Debug\lab12.lib" /MACHINE:X86 Debug\lab12.obj
         Debug\Tree.obj
         lab12.vcxproj -> C:\ПОИТ\ОАП (2 сем)\Лаб 12\lab12\Debug\lab12.exe
       FinalizeBuildStatus:
         Файл "Debug\lab12.tlog\unsuccessfulbuild" удаляется.
         Обращение к "Debug\lab12.tlog\lab12.lastbuildstate".
     1>Сборка проекта "C:\ПОИТ\ОАП (2 сем)\Лаб 12\lab12\lab12\lab12.vcxproj" завершена (целевые объекты Build).

Сборка успешно завершена.

       "C:\ПОИТ\ОАП (2 сем)\Лаб 12\lab12\lab12\lab12.vcxproj" (целевой объект Build ) (1) ->
       (Целевой объект ClCompile) -> 
         C:\ПОИТ\ОАП (2 сем)\Лаб 12\lab12\lab12\Tree.cpp(227): warning C4715: Tree::check_right: значение возвращается не при всех путях выполнения

    Предупреждений: 1
    Ошибок: 0

Прошло времени 00:00:01.48
